# JRE version: OpenJDK Runtime Environment (17.0.9) (build 17.0.9+0--11185874)
# Java VM: OpenJDK 64-Bit Server VM (17.0.9+0--11185874, mixed mode, tiered, compressed oops, compressed class ptrs, g1 gc, windows-amd64)
GC Precious Log:
 CPUs: 12 total, 12 available
 Memory: 7914M
 Large Page Support: Disabled
 NUMA Support: Disabled
 Compressed Oops: Enabled (32-bit)
 Heap Region Size: 1M
 Heap Min Capacity: 8M
 Heap Initial Capacity: 124M
 Heap Max Capacity: 2G
 Pre-touch: Disabled
 Parallel Workers: 10
 Concurrent Workers: 3
 Concurrent Refinement Workers: 10
 Periodic GC: Disabled
Heap:
 garbage-first heap   total 302080K, used 185518K [0x0000000080000000, 0x0000000100000000)
  region size 1024K, 9 young (9216K), 9 survivors (9216K)
 Metaspace       used 107569K, committed 108224K, reserved 1179648K
  class space    used 15171K, committed 15488K, reserved 1048576K
GC Heap History (20 events):
Event: 10.500 GC heap after
{Heap after GC invocations=40 (full 0):
 garbage-first heap   total 169984K, used 97941K [0x0000000080000000, 0x0000000100000000)
  region size 1024K, 4 young (4096K), 4 survivors (4096K)
 Metaspace       used 96360K, committed 97024K, reserved 1179648K
  class space    used 13490K, committed 13824K, reserved 1048576K
}
Event: 10.657 GC heap before
{Heap before GC invocations=40 (full 0):
 garbage-first heap   total 169984K, used 139925K [0x0000000080000000, 0x0000000100000000)
  region size 1024K, 46 young (47104K), 4 survivors (4096K)
 Metaspace       used 96786K, committed 97472K, reserved 1179648K
  class space    used 13525K, committed 13824K, reserved 1048576K
}
Event: 10.660 GC heap after
{Heap after GC invocations=41 (full 0):
 garbage-first heap   total 169984K, used 100181K [0x0000000080000000, 0x0000000100000000)
  region size 1024K, 6 young (6144K), 6 survivors (6144K)
 Metaspace       used 96786K, committed 97472K, reserved 1179648K
  class space    used 13525K, committed 13824K, reserved 1048576K
}
Event: 10.780 GC heap before
{Heap before GC invocations=41 (full 0):
 garbage-first heap   total 169984K, used 141141K [0x0000000080000000, 0x0000000100000000)
  region size 1024K, 47 young (48128K), 6 survivors (6144K)
 Metaspace       used 97001K, committed 97728K, reserved 1179648K
  class space    used 13537K, committed 13888K, reserved 1048576K
}
Event: 10.784 GC heap after
{Heap after GC invocations=42 (full 0):
 garbage-first heap   total 204800K, used 103126K [0x0000000080000000, 0x0000000100000000)
  region size 1024K, 6 young (6144K), 6 survivors (6144K)
 Metaspace       used 97001K, committed 97728K, reserved 1179648K
  class space    used 13537K, committed 13888K, reserved 1048576K
}
Event: 11.007 GC heap before
{Heap before GC invocations=42 (full 0):
 garbage-first heap   total 204800K, used 168662K [0x0000000080000000, 0x0000000100000000)
  region size 1024K, 71 young (72704K), 6 survivors (6144K)
 Metaspace       used 97338K, committed 97984K, reserved 1179648K
  class space    used 13570K, committed 13888K, reserved 1048576K
}
Event: 11.013 GC heap after
{Heap after GC invocations=43 (full 0):
 garbage-first heap   total 204800K, used 107268K [0x0000000080000000, 0x0000000100000000)
  region size 1024K, 7 young (7168K), 7 survivors (7168K)
 Metaspace       used 97338K, committed 97984K, reserved 1179648K
  class space    used 13570K, committed 13888K, reserved 1048576K
}
Event: 11.161 GC heap before
{Heap before GC invocations=43 (full 0):
 garbage-first heap   total 204800K, used 168708K [0x0000000080000000, 0x0000000100000000)
  region size 1024K, 68 young (69632K), 7 survivors (7168K)
 Metaspace       used 98118K, committed 98752K, reserved 1179648K
  class space    used 13704K, committed 14016K, reserved 1048576K
}
Event: 11.166 GC heap after
{Heap after GC invocations=44 (full 0):
 garbage-first heap   total 204800K, used 114199K [0x0000000080000000, 0x0000000100000000)
  region size 1024K, 9 young (9216K), 9 survivors (9216K)
 Metaspace       used 98118K, committed 98752K, reserved 1179648K
  class space    used 13704K, committed 14016K, reserved 1048576K
}
Event: 11.214 GC heap before
{Heap before GC invocations=44 (full 0):
 garbage-first heap   total 204800K, used 170519K [0x0000000080000000, 0x0000000100000000)
  region size 1024K, 63 young (64512K), 9 survivors (9216K)
 Metaspace       used 98565K, committed 99200K, reserved 1179648K
  class space    used 13755K, committed 14080K, reserved 1048576K
}
Event: 11.220 GC heap after
{Heap after GC invocations=45 (full 0):
 garbage-first heap   total 204800K, used 129221K [0x0000000080000000, 0x0000000100000000)
  region size 1024K, 8 young (8192K), 8 survivors (8192K)
 Metaspace       used 98565K, committed 99200K, reserved 1179648K
  class space    used 13755K, committed 14080K, reserved 1048576K
}
Event: 11.284 GC heap before
{Heap before GC invocations=45 (full 0):
 garbage-first heap   total 204800K, used 165061K [0x0000000080000000, 0x0000000100000000)
  region size 1024K, 44 young (45056K), 8 survivors (8192K)
 Metaspace       used 99186K, committed 99904K, reserved 1179648K
  class space    used 13846K, committed 14144K, reserved 1048576K
}
Event: 11.289 GC heap after
{Heap after GC invocations=46 (full 0):
 garbage-first heap   total 302080K, used 135002K [0x0000000080000000, 0x0000000100000000)
  region size 1024K, 6 young (6144K), 6 survivors (6144K)
 Metaspace       used 99186K, committed 99904K, reserved 1179648K
  class space    used 13846K, committed 14144K, reserved 1048576K
}
Event: 11.643 GC heap before
{Heap before GC invocations=46 (full 0):
 garbage-first heap   total 302080K, used 227162K [0x0000000080000000, 0x0000000100000000)
  region size 1024K, 97 young (99328K), 6 survivors (6144K)
 Metaspace       used 102976K, committed 103616K, reserved 1179648K
  class space    used 14402K, committed 14720K, reserved 1048576K
}
Event: 11.654 GC heap after
{Heap after GC invocations=47 (full 0):
 garbage-first heap   total 302080K, used 146185K [0x0000000080000000, 0x0000000100000000)
  region size 1024K, 13 young (13312K), 13 survivors (13312K)
 Metaspace       used 102976K, committed 103616K, reserved 1179648K
  class space    used 14402K, committed 14720K, reserved 1048576K
}
Event: 11.794 GC heap before
{Heap before GC invocations=47 (full 0):
 garbage-first heap   total 302080K, used 234249K [0x0000000080000000, 0x0000000100000000)
  region size 1024K, 99 young (101376K), 13 survivors (13312K)
 Metaspace       used 104427K, committed 105088K, reserved 1179648K
  class space    used 14643K, committed 14976K, reserved 1048576K
}
Event: 11.811 GC heap after
{Heap after GC invocations=48 (full 0):
 garbage-first heap   total 302080K, used 160942K [0x0000000080000000, 0x0000000100000000)
  region size 1024K, 13 young (13312K), 13 survivors (13312K)
 Metaspace       used 104427K, committed 105088K, reserved 1179648K
  class space    used 14643K, committed 14976K, reserved 1048576K
}
Event: 11.892 GC heap before
{Heap before GC invocations=48 (full 0):
 garbage-first heap   total 302080K, used 234670K [0x0000000080000000, 0x0000000100000000)
  region size 1024K, 86 young (88064K), 13 survivors (13312K)
 Metaspace       used 104968K, committed 105600K, reserved 1179648K
  class space    used 14717K, committed 15040K, reserved 1048576K
}
Event: 11.905 GC heap after
{Heap after GC invocations=49 (full 0):
 garbage-first heap   total 302080K, used 174995K [0x0000000080000000, 0x0000000100000000)
  region size 1024K, 11 young (11264K), 11 survivors (11264K)
 Metaspace       used 104968K, committed 105600K, reserved 1179648K
  class space    used 14717K, committed 15040K, reserved 1048576K
}
Event: 12.074 GC heap before
{Heap before GC invocations=49 (full 0):
 garbage-first heap   total 302080K, used 239507K [0x0000000080000000, 0x0000000100000000)
  region size 1024K, 75 young (76800K), 11 survivors (11264K)
 Metaspace       used 107569K, committed 108224K, reserved 1179648K
  class space    used 15171K, committed 15488K, reserved 1048576K
}

